SF:lib/core/movie_data_factory.dart
DA:7,3
DA:9,1
DA:10,1
DA:11,2
DA:12,2
DA:13,2
DA:14,2
DA:18,1
DA:19,3
LF:9
LH:9
end_of_record
SF:lib/data/repository/movie_repository_impl.dart
DA:14,0
DA:16,0
DA:19,0
DA:20,0
DA:22,0
DA:26,0
DA:29,0
DA:30,0
DA:32,0
DA:36,0
DA:39,0
DA:40,0
DA:42,0
LF:13
LH:0
end_of_record
SF:lib/domain/model/movie.dart
DA:8,1
LF:1
LH:1
end_of_record
SF:lib/domain/model/movie_details.dart
DA:7,1
LF:1
LH:1
end_of_record
SF:lib/core/extention/list_extentions.dart
DA:2,0
LF:1
LH:0
end_of_record
SF:lib/core/extention/movie_db_image_extention.dart
DA:4,2
DA:6,0
DA:8,0
DA:9,0
LF:4
LH:1
end_of_record
SF:lib/core/services/connectivity_service.dart
DA:11,0
DA:13,0
DA:14,0
DA:16,0
DA:17,0
DA:18,0
DA:19,0
DA:22,0
DA:25,0
DA:26,0
DA:31,0
LF:11
LH:0
end_of_record
SF:lib/data/mapper/movie_domain_mapper.dart
DA:10,0
DA:11,0
DA:12,0
DA:13,0
DA:14,0
DA:15,0
DA:20,0
DA:21,0
DA:22,0
DA:23,0
DA:24,0
DA:25,0
DA:26,0
DA:31,0
DA:33,0
DA:34,0
DA:35,0
DA:36,0
DA:37,0
DA:42,0
DA:44,0
DA:45,0
DA:46,0
DA:47,0
DA:48,0
DA:49,0
DA:50,0
DA:55,0
DA:56,0
DA:57,0
DA:58,0
DA:59,0
DA:60,0
DA:61,0
DA:66,0
DA:67,0
DA:68,0
DA:69,0
DA:70,0
DA:71,0
DA:72,0
DA:73,0
LF:42
LH:0
end_of_record
SF:lib/data/source/local/database/model/movie_entity.dart
DA:13,0
LF:1
LH:0
end_of_record
SF:lib/data/source/remote/model/video_response.dart
DA:11,0
DA:13,0
DA:15,0
DA:32,0
DA:34,0
DA:36,0
LF:6
LH:0
end_of_record
SF:lib/data/source/remote/model/video_response.g.dart
DA:9,0
DA:10,0
DA:11,0
DA:12,0
DA:13,0
DA:14,0
DA:17,0
DA:18,0
DA:19,0
DA:20,0
DA:23,0
DA:24,0
DA:25,0
DA:26,0
DA:27,0
DA:28,0
DA:29,0
DA:30,0
DA:33,0
DA:34,0
DA:35,0
DA:36,0
DA:37,0
DA:38,0
DA:39,0
DA:40,0
LF:26
LH:0
end_of_record
SF:lib/domain/model/video.dart
DA:9,0
LF:1
LH:0
end_of_record
SF:lib/data/source/remote/model/movie_response_model.dart
DA:14,0
DA:23,0
DA:25,0
LF:3
LH:0
end_of_record
SF:lib/data/source/remote/model/movie_response_model.g.dart
DA:9,0
DA:10,0
DA:11,0
DA:12,0
DA:13,0
DA:14,0
DA:15,0
DA:16,0
DA:19,0
DA:20,0
DA:21,0
DA:22,0
DA:23,0
DA:24,0
DA:25,0
DA:26,0
LF:16
LH:0
end_of_record
SF:lib/data/source/movie_data_store_factory.dart
DA:19,0
DA:26,0
DA:30,0
DA:32,0
DA:33,0
DA:35,0
DA:39,0
DA:43,0
DA:44,0
DA:45,0
DA:46,0
DA:48,0
DA:49,0
DA:53,0
DA:54,0
DA:55,0
LF:16
LH:0
end_of_record
SF:lib/data/source/local/movie_local_data_source.dart
DA:11,0
DA:15,0
DA:17,0
DA:21,0
DA:27,0
LF:5
LH:0
end_of_record
SF:lib/data/source/remote/model/movie_list_response_model.dart
DA:17,0
DA:19,0
DA:21,0
LF:3
LH:0
end_of_record
SF:lib/data/source/remote/model/movie_list_response_model.g.dart
DA:9,0
DA:11,0
DA:12,0
DA:13,0
DA:14,0
DA:15,0
DA:16,0
DA:17,0
DA:20,0
DA:22,0
DA:23,0
DA:24,0
DA:25,0
DA:26,0
LF:14
LH:0
end_of_record
SF:lib/data/source/remote/movie_remote_data_source.dart
DA:12,0
DA:16,0
DA:18,0
DA:21,0
DA:23,0
DA:24,0
DA:27,0
DA:29,0
DA:30,0
LF:9
LH:0
end_of_record
SF:lib/data/source/remote/service/movie_api_service.g.dart
DA:12,0
DA:20,0
DA:22,0
DA:23,0
DA:24,0
DA:26,0
DA:27,0
DA:28,0
DA:29,0
DA:34,0
DA:36,0
DA:39,0
DA:41,0
DA:47,0
DA:49,0
DA:50,0
DA:51,0
DA:53,0
DA:54,0
DA:55,0
DA:56,0
DA:57,0
DA:61,0
DA:63,0
DA:66,0
DA:68,0
DA:74,0
DA:76,0
DA:77,0
DA:78,0
DA:80,0
DA:81,0
DA:82,0
DA:83,0
DA:84,0
DA:88,0
DA:90,0
DA:93,0
DA:95,0
DA:101,0
DA:102,0
DA:103,0
DA:104,0
DA:105,0
DA:106,0
DA:108,0
DA:114,0
DA:115,0
DA:119,0
DA:121,0
DA:122,0
DA:125,0
LF:52
LH:0
end_of_record
SF:lib/data/source/remote/service/movie_api_service.dart
DA:12,0
LF:1
LH:0
end_of_record
SF:lib/di/module/network_module.dart
DA:10,0
DA:12,0
DA:14,0
DA:25,0
DA:26,0
DA:28,0
DA:30,0
DA:32,0
LF:8
LH:0
end_of_record
SF:lib/domain/usecases/impl/get_movie_detail_use_case_impl.dart
DA:12,0
DA:14,0
DA:16,0
LF:3
LH:0
end_of_record
SF:lib/domain/usecases/impl/get_movie_videos_use_case_impl.dart
DA:12,0
DA:14,0
DA:16,0
LF:3
LH:0
end_of_record
SF:lib/domain/usecases/impl/get_movies_use_case_impl.dart
DA:12,0
DA:14,0
DA:16,0
LF:3
LH:0
end_of_record
SF:lib/presentation/features/movie_detail/view_model/movie_detail_event.dart
DA:4,0
DA:11,0
LF:2
LH:0
end_of_record
SF:lib/presentation/features/movie_detail/view_model/movie_details_view_model.dart
DA:19,0
DA:21,0
DA:22,0
DA:23,0
DA:27,0
DA:32,0
DA:33,0
DA:34,0
DA:36,0
DA:37,0
DA:38,0
DA:39,0
DA:40,0
DA:41,0
DA:42,0
DA:46,0
DA:47,0
DA:49,0
DA:50,0
DA:51,0
LF:20
LH:0
end_of_record
SF:lib/presentation/features/movies/view_model/movies_view_model.dart
DA:10,2
DA:12,1
DA:13,2
DA:14,2
DA:15,5
DA:16,1
DA:17,5
LF:7
LH:7
end_of_record
SF:lib/di/di.dart
DA:6,0
DA:7,0
DA:9,3
DA:11,1
DA:16,2
LF:5
LH:3
end_of_record
SF:lib/presentation/features/movie_detail/view/movie_details_screen.dart
DA:13,0
DA:15,0
DA:17,0
DA:18,0
DA:19,0
DA:20,0
DA:21,0
DA:22,0
DA:23,0
DA:24,0
DA:31,0
DA:32,0
DA:36,0
DA:37,0
DA:38,0
DA:39,0
DA:48,0
DA:54,0
DA:56,0
DA:57,0
DA:58,0
DA:59,0
DA:60,0
DA:63,0
DA:64,0
DA:66,0
DA:68,0
DA:72,0
DA:77,0
DA:81,0
DA:86,0
DA:95,0
DA:97,0
DA:99,0
DA:100,0
DA:103,0
DA:106,0
DA:107,0
DA:108,0
DA:110,0
DA:120,0
DA:122,0
DA:124,0
DA:125,0
DA:126,0
DA:127,0
DA:128,0
DA:129,0
DA:132,0
DA:133,0
DA:134,0
LF:51
LH:0
end_of_record
SF:lib/presentation/features/movies/view/movies_screen.dart
DA:12,2
DA:14,1
DA:16,1
DA:17,3
DA:18,1
DA:19,1
DA:20,1
DA:21,1
DA:24,2
DA:31,1
DA:32,1
DA:33,1
DA:38,1
DA:39,1
DA:41,1
DA:42,3
DA:51,1
DA:53,1
DA:55,1
DA:62,2
DA:64,1
DA:65,2
DA:66,1
DA:67,0
DA:68,0
DA:69,0
DA:72,1
DA:73,1
DA:74,1
DA:75,2
DA:80,2
DA:81,3
LF:32
LH:29
end_of_record
SF:lib/presentation/features/movie_detail/view_model/movie_details_state.dart
LF:0
LH:0
end_of_record
